<?xml version="1.0" encoding="UTF-8"?>
<!-- Generated by org.testng.reporters.JUnitXMLReporter -->
<testsuite ignored="0" hostname="Rudini" failures="1" tests="1" name="Automation Test" time="10.912" errors="0" timestamp="2025-08-14T13:04:30 WIB">
  <testcase classname="com.dikahadir.management.usertest.StatusUserTest" name="activeStatus" time="4.327">
    <failure type="java.lang.AssertionError" message="Gagal diaktifkan expected [User diaktifkan] but found [User dinonaktifkan]">
      <![CDATA[java.lang.AssertionError: Gagal diaktifkan expected [User diaktifkan] but found [User dinonaktifkan]
at com.dikahadir.management.usertest.StatusUserTest.activeStatus(StatusUserTest.java:24)
at java.base/java.util.ArrayList.forEach(ArrayList.java:1511)
... Removed 36 stack frames]]>
    </failure>
  </testcase> <!-- activeStatus -->
</testsuite> <!-- Automation Test -->
