<?xml version="1.0" encoding="UTF-8"?>
<!-- Generated by org.testng.reporters.JUnitXMLReporter -->
<testsuite ignored="0" hostname="Rudini" failures="0" tests="10" name="status user" time="157.661" errors="0" timestamp="2025-08-23T19:15:03 WIB">
  <testcase classname="com.dikahadir.management.usertest.SearchUserTest" name="searchName" time="5.61"/>
  <testcase classname="com.dikahadir.management.usertest.SearchUserTest" name="searchNik" time="5.695"/>
  <testcase classname="com.dikahadir.management.usertest.SearchUserTest" name="searchByNameinputNik" time="5.544"/>
  <testcase classname="com.dikahadir.management.usertest.SearchUserTest" name="searchByNikInputName" time="5.648"/>
  <testcase classname="com.dikahadir.management.usertest.SearchUserTest" name="searchByFilterUnit" time="12.269"/>
  <testcase classname="com.dikahadir.management.usertest.SearchUserTest" name="searchByFilterJobLevel" time="12.024"/>
  <testcase classname="com.dikahadir.management.usertest.SearchUserTest" name="searchByFilterTipeKaryawan" time="12.047"/>
  <testcase classname="com.dikahadir.management.usertest.SearchUserTest" name="searchByFilterPosisiKerja" time="12.134"/>
  <testcase classname="com.dikahadir.management.usertest.SearchUserTest" name="searchByFilterLokasiKerja" time="9.629"/>
  <testcase classname="com.dikahadir.management.usertest.SearchUserTest" name="searchByFilterStatus" time="12.048"/>
</testsuite> <!-- status user -->
