<?xml version="1.0" encoding="UTF-8"?>
<!-- Generated by org.testng.reporters.JUnitXMLReporter -->
<testsuite ignored="0" hostname="Rudini" failures="0" tests="6" name="status user" time="112.741" errors="0" timestamp="2025-08-24T14:40:32 WIB">
  <testcase classname="com.dikahadir.management.usertest.searchuser.SearchByFilter" name="searchByFilterUnit" time="9.217"/>
  <testcase classname="com.dikahadir.management.usertest.searchuser.SearchByFilter" name="searchByFilterJobLevel" time="8.873"/>
  <testcase classname="com.dikahadir.management.usertest.searchuser.SearchByFilter" name="searchByFilterTipeKaryawan" time="8.811"/>
  <testcase classname="com.dikahadir.management.usertest.searchuser.SearchByFilter" name="searchByFilterPosisiKerja" time="9.631"/>
  <testcase classname="com.dikahadir.management.usertest.searchuser.SearchByFilter" name="searchByFilterLokasiKerja" time="6.453"/>
  <testcase classname="com.dikahadir.management.usertest.searchuser.SearchByFilter" name="searchByFilterStatus" time="7.746"/>
</testsuite> <!-- status user -->
